[     441ms] [INFO] %cDownload the React DevTools for a better development experience: https://react.dev/link/react-devtools font-weight:bold @ http://localhost:3001/_next/static/chunks/node_modules_next_dist_compiled_react-dom_1e674e59._.js:14537
[     567ms] [LOG] %c >> query #1 %cflagdown.listBeaches%c %O 
    background-color: #72e3ff;
    color: black;
    padding: 2px;
   
    background-color: #72e3ff;
    color: black;
    padding: 2px;
  ; font-weight: bold; 
    background-color: #72e3ff;
    color: black;
    padding: 2px;
  ; font-weight: normal; {input: undefined, context: Object} @ http://localhost:3001/_next/static/chunks/node_modules_fd0e86a3._.js:3215
[     574ms] [LOG] %c >> query #2 %cflagdown.getTimeline%c %O 
    background-color: #72e3ff;
    color: black;
    padding: 2px;
   
    background-color: #72e3ff;
    color: black;
    padding: 2px;
  ; font-weight: bold; 
    background-color: #72e3ff;
    color: black;
    padding: 2px;
  ; font-weight: normal; {input: undefined, context: Object} @ http://localhost:3001/_next/static/chunks/node_modules_fd0e86a3._.js:3215
[     733ms] [LOG] [Fast Refresh] rebuilding @ http://localhost:3001/_next/static/chunks/node_modules_next_dist_client_cf1d9188._.js:5956
[    1803ms] [LOG] [Fast Refresh] done in 1193ms @ http://localhost:3001/_next/static/chunks/node_modules_next_dist_client_cf1d9188._.js:5816
[    2307ms] [LOG] %c << query #2 %cflagdown.getTimeline%c %O 
    background-color: #3fb0d8;
    color: white;
    padding: 2px;
   
    background-color: #3fb0d8;
    color: white;
    padding: 2px;
  ; font-weight: bold; 
    background-color: #3fb0d8;
    color: white;
    padding: 2px;
  ; font-weight: normal; {input: undefined, result: Object, elapsedMs: 1734, context: Object} @ http://localhost:3001/_next/static/chunks/node_modules_fd0e86a3._.js:3215
[    2401ms] [LOG] %c << query #1 %cflagdown.listBeaches%c %O 
    background-color: #3fb0d8;
    color: white;
    padding: 2px;
   
    background-color: #3fb0d8;
    color: white;
    padding: 2px;
  ; font-weight: bold; 
    background-color: #3fb0d8;
    color: white;
    padding: 2px;
  ; font-weight: normal; {input: undefined, result: Object, elapsedMs: 1827, context: Object} @ http://localhost:3001/_next/static/chunks/node_modules_fd0e86a3._.js:3215
[    4309ms] [LOG] %c >> query #3 %cflagdown.getTimeline%c %O 
    background-color: #72e3ff;
    color: black;
    padding: 2px;
   
    background-color: #72e3ff;
    color: black;
    padding: 2px;
  ; font-weight: bold; 
    background-color: #72e3ff;
    color: black;
    padding: 2px;
  ; font-weight: normal; {input: undefined, context: Object} @ http://localhost:3001/_next/static/chunks/node_modules_fd0e86a3._.js:3215
[    4402ms] [LOG] %c >> query #4 %cflagdown.listBeaches%c %O 
    background-color: #72e3ff;
    color: black;
    padding: 2px;
   
    background-color: #72e3ff;
    color: black;
    padding: 2px;
  ; font-weight: bold; 
    background-color: #72e3ff;
    color: black;
    padding: 2px;
  ; font-weight: normal; {input: undefined, context: Object} @ http://localhost:3001/_next/static/chunks/node_modules_fd0e86a3._.js:3215
[    4778ms] [LOG] %c << query #3 %cflagdown.getTimeline%c %O 
    background-color: #3fb0d8;
    color: white;
    padding: 2px;
   
    background-color: #3fb0d8;
    color: white;
    padding: 2px;
  ; font-weight: bold; 
    background-color: #3fb0d8;
    color: white;
    padding: 2px;
  ; font-weight: normal; {input: undefined, result: Object, elapsedMs: 469, context: Object} @ http://localhost:3001/_next/static/chunks/node_modules_fd0e86a3._.js:3215
[    5064ms] [LOG] %c << query #4 %cflagdown.listBeaches%c %O 
    background-color: #3fb0d8;
    color: white;
    padding: 2px;
   
    background-color: #3fb0d8;
    color: white;
    padding: 2px;
  ; font-weight: bold; 
    background-color: #3fb0d8;
    color: white;
    padding: 2px;
  ; font-weight: normal; {input: undefined, result: Object, elapsedMs: 661, context: Object} @ http://localhost:3001/_next/static/chunks/node_modules_fd0e86a3._.js:3215
[    6780ms] [LOG] %c >> query #5 %cflagdown.getTimeline%c %O 
    background-color: #72e3ff;
    color: black;
    padding: 2px;
   
    background-color: #72e3ff;
    color: black;
    padding: 2px;
  ; font-weight: bold; 
    background-color: #72e3ff;
    color: black;
    padding: 2px;
  ; font-weight: normal; {input: undefined, context: Object} @ http://localhost:3001/_next/static/chunks/node_modules_fd0e86a3._.js:3215
[    7065ms] [LOG] %c >> query #6 %cflagdown.listBeaches%c %O 
    background-color: #72e3ff;
    color: black;
    padding: 2px;
   
    background-color: #72e3ff;
    color: black;
    padding: 2px;
  ; font-weight: bold; 
    background-color: #72e3ff;
    color: black;
    padding: 2px;
  ; font-weight: normal; {input: undefined, context: Object} @ http://localhost:3001/_next/static/chunks/node_modules_fd0e86a3._.js:3215
[    7444ms] [LOG] %c << query #5 %cflagdown.getTimeline%c %O 
    background-color: #3fb0d8;
    color: white;
    padding: 2px;
   
    background-color: #3fb0d8;
    color: white;
    padding: 2px;
  ; font-weight: bold; 
    background-color: #3fb0d8;
    color: white;
    padding: 2px;
  ; font-weight: normal; {input: undefined, result: Object, elapsedMs: 664, context: Object} @ http://localhost:3001/_next/static/chunks/node_modules_fd0e86a3._.js:3215
[    7764ms] [LOG] %c << query #6 %cflagdown.listBeaches%c %O 
    background-color: #3fb0d8;
    color: white;
    padding: 2px;
   
    background-color: #3fb0d8;
    color: white;
    padding: 2px;
  ; font-weight: bold; 
    background-color: #3fb0d8;
    color: white;
    padding: 2px;
  ; font-weight: normal; {input: undefined, result: Object, elapsedMs: 699, context: Object} @ http://localhost:3001/_next/static/chunks/node_modules_fd0e86a3._.js:3215
[    9445ms] [LOG] %c >> query #7 %cflagdown.getTimeline%c %O 
    background-color: #72e3ff;
    color: black;
    padding: 2px;
   
    background-color: #72e3ff;
    color: black;
    padding: 2px;
  ; font-weight: bold; 
    background-color: #72e3ff;
    color: black;
    padding: 2px;
  ; font-weight: normal; {input: undefined, context: Object} @ http://localhost:3001/_next/static/chunks/node_modules_fd0e86a3._.js:3215
[    9766ms] [LOG] %c >> query #8 %cflagdown.listBeaches%c %O 
    background-color: #72e3ff;
    color: black;
    padding: 2px;
   
    background-color: #72e3ff;
    color: black;
    padding: 2px;
  ; font-weight: bold; 
    background-color: #72e3ff;
    color: black;
    padding: 2px;
  ; font-weight: normal; {input: undefined, context: Object} @ http://localhost:3001/_next/static/chunks/node_modules_fd0e86a3._.js:3215
[   10192ms] [LOG] %c << query #7 %cflagdown.getTimeline%c %O 
    background-color: #3fb0d8;
    color: white;
    padding: 2px;
   
    background-color: #3fb0d8;
    color: white;
    padding: 2px;
  ; font-weight: bold; 
    background-color: #3fb0d8;
    color: white;
    padding: 2px;
  ; font-weight: normal; {input: undefined, result: Object, elapsedMs: 746, context: Object} @ http://localhost:3001/_next/static/chunks/node_modules_fd0e86a3._.js:3215
[   10238ms] [LOG] %c << query #8 %cflagdown.listBeaches%c %O 
    background-color: #3fb0d8;
    color: white;
    padding: 2px;
   
    background-color: #3fb0d8;
    color: white;
    padding: 2px;
  ; font-weight: bold; 
    background-color: #3fb0d8;
    color: white;
    padding: 2px;
  ; font-weight: normal; {input: undefined, result: Object, elapsedMs: 472, context: Object} @ http://localhost:3001/_next/static/chunks/node_modules_fd0e86a3._.js:3215
[   12195ms] [LOG] %c >> query #9 %cflagdown.getTimeline%c %O 
    background-color: #72e3ff;
    color: black;
    padding: 2px;
   
    background-color: #72e3ff;
    color: black;
    padding: 2px;
  ; font-weight: bold; 
    background-color: #72e3ff;
    color: black;
    padding: 2px;
  ; font-weight: normal; {input: undefined, context: Object} @ http://localhost:3001/_next/static/chunks/node_modules_fd0e86a3._.js:3215
[   12240ms] [LOG] %c >> query #10 %cflagdown.listBeaches%c %O 
    background-color: #72e3ff;
    color: black;
    padding: 2px;
   
    background-color: #72e3ff;
    color: black;
    padding: 2px;
  ; font-weight: bold; 
    background-color: #72e3ff;
    color: black;
    padding: 2px;
  ; font-weight: normal; {input: undefined, context: Object} @ http://localhost:3001/_next/static/chunks/node_modules_fd0e86a3._.js:3215
[   12695ms] [LOG] %c << query #9 %cflagdown.getTimeline%c %O 
    background-color: #3fb0d8;
    color: white;
    padding: 2px;
   
    background-color: #3fb0d8;
    color: white;
    padding: 2px;
  ; font-weight: bold; 
    background-color: #3fb0d8;
    color: white;
    padding: 2px;
  ; font-weight: normal; {input: undefined, result: Object, elapsedMs: 501, context: Object} @ http://localhost:3001/_next/static/chunks/node_modules_fd0e86a3._.js:3215
[   12740ms] [LOG] %c << query #10 %cflagdown.listBeaches%c %O 
    background-color: #3fb0d8;
    color: white;
    padding: 2px;
   
    background-color: #3fb0d8;
    color: white;
    padding: 2px;
  ; font-weight: bold; 
    background-color: #3fb0d8;
    color: white;
    padding: 2px;
  ; font-weight: normal; {input: undefined, result: Object, elapsedMs: 500, context: Object} @ http://localhost:3001/_next/static/chunks/node_modules_fd0e86a3._.js:3215
[   14698ms] [LOG] %c >> query #11 %cflagdown.getTimeline%c %O 
    background-color: #72e3ff;
    color: black;
    padding: 2px;
   
    background-color: #72e3ff;
    color: black;
    padding: 2px;
  ; font-weight: bold; 
    background-color: #72e3ff;
    color: black;
    padding: 2px;
  ; font-weight: normal; {input: undefined, context: Object} @ http://localhost:3001/_next/static/chunks/node_modules_fd0e86a3._.js:3215
[   14742ms] [LOG] %c >> query #12 %cflagdown.listBeaches%c %O 
    background-color: #72e3ff;
    color: black;
    padding: 2px;
   
    background-color: #72e3ff;
    color: black;
    padding: 2px;
  ; font-weight: bold; 
    background-color: #72e3ff;
    color: black;
    padding: 2px;
  ; font-weight: normal; {input: undefined, context: Object} @ http://localhost:3001/_next/static/chunks/node_modules_fd0e86a3._.js:3215
[   15417ms] [LOG] %c << query #12 %cflagdown.listBeaches%c %O 
    background-color: #3fb0d8;
    color: white;
    padding: 2px;
   
    background-color: #3fb0d8;
    color: white;
    padding: 2px;
  ; font-weight: bold; 
    background-color: #3fb0d8;
    color: white;
    padding: 2px;
  ; font-weight: normal; {input: undefined, result: Object, elapsedMs: 675, context: Object} @ http://localhost:3001/_next/static/chunks/node_modules_fd0e86a3._.js:3215
[   15467ms] [LOG] %c << query #11 %cflagdown.getTimeline%c %O 
    background-color: #3fb0d8;
    color: white;
    padding: 2px;
   
    background-color: #3fb0d8;
    color: white;
    padding: 2px;
  ; font-weight: bold; 
    background-color: #3fb0d8;
    color: white;
    padding: 2px;
  ; font-weight: normal; {input: undefined, result: Object, elapsedMs: 768, context: Object} @ http://localhost:3001/_next/static/chunks/node_modules_fd0e86a3._.js:3215
[   17420ms] [LOG] %c >> query #13 %cflagdown.listBeaches%c %O 
    background-color: #72e3ff;
    color: black;
    padding: 2px;
   
    background-color: #72e3ff;
    color: black;
    padding: 2px;
  ; font-weight: bold; 
    background-color: #72e3ff;
    color: black;
    padding: 2px;
  ; font-weight: normal; {input: undefined, context: Object} @ http://localhost:3001/_next/static/chunks/node_modules_fd0e86a3._.js:3215
[   17468ms] [LOG] %c >> query #14 %cflagdown.getTimeline%c %O 
    background-color: #72e3ff;
    color: black;
    padding: 2px;
   
    background-color: #72e3ff;
    color: black;
    padding: 2px;
  ; font-weight: bold; 
    background-color: #72e3ff;
    color: black;
    padding: 2px;
  ; font-weight: normal; {input: undefined, context: Object} @ http://localhost:3001/_next/static/chunks/node_modules_fd0e86a3._.js:3215
[   17949ms] [LOG] %c << query #13 %cflagdown.listBeaches%c %O 
    background-color: #3fb0d8;
    color: white;
    padding: 2px;
   
    background-color: #3fb0d8;
    color: white;
    padding: 2px;
  ; font-weight: bold; 
    background-color: #3fb0d8;
    color: white;
    padding: 2px;
  ; font-weight: normal; {input: undefined, result: Object, elapsedMs: 529, context: Object} @ http://localhost:3001/_next/static/chunks/node_modules_fd0e86a3._.js:3215
[   18193ms] [LOG] %c << query #14 %cflagdown.getTimeline%c %O 
    background-color: #3fb0d8;
    color: white;
    padding: 2px;
   
    background-color: #3fb0d8;
    color: white;
    padding: 2px;
  ; font-weight: bold; 
    background-color: #3fb0d8;
    color: white;
    padding: 2px;
  ; font-weight: normal; {input: undefined, result: Object, elapsedMs: 725, context: Object} @ http://localhost:3001/_next/static/chunks/node_modules_fd0e86a3._.js:3215
[   19955ms] [LOG] %c >> query #15 %cflagdown.listBeaches%c %O 
    background-color: #72e3ff;
    color: black;
    padding: 2px;
   
    background-color: #72e3ff;
    color: black;
    padding: 2px;
  ; font-weight: bold; 
    background-color: #72e3ff;
    color: black;
    padding: 2px;
  ; font-weight: normal; {input: undefined, context: Object} @ http://localhost:3001/_next/static/chunks/node_modules_fd0e86a3._.js:3215
[   20195ms] [LOG] %c >> query #16 %cflagdown.getTimeline%c %O 
    background-color: #72e3ff;
    color: black;
    padding: 2px;
   
    background-color: #72e3ff;
    color: black;
    padding: 2px;
  ; font-weight: bold; 
    background-color: #72e3ff;
    color: black;
    padding: 2px;
  ; font-weight: normal; {input: undefined, context: Object} @ http://localhost:3001/_next/static/chunks/node_modules_fd0e86a3._.js:3215
[   20681ms] [LOG] %c << query #15 %cflagdown.listBeaches%c %O 
    background-color: #3fb0d8;
    color: white;
    padding: 2px;
   
    background-color: #3fb0d8;
    color: white;
    padding: 2px;
  ; font-weight: bold; 
    background-color: #3fb0d8;
    color: white;
    padding: 2px;
  ; font-weight: normal; {input: undefined, result: Object, elapsedMs: 726, context: Object} @ http://localhost:3001/_next/static/chunks/node_modules_fd0e86a3._.js:3215
[   20820ms] [LOG] %c << query #16 %cflagdown.getTimeline%c %O 
    background-color: #3fb0d8;
    color: white;
    padding: 2px;
   
    background-color: #3fb0d8;
    color: white;
    padding: 2px;
  ; font-weight: bold; 
    background-color: #3fb0d8;
    color: white;
    padding: 2px;
  ; font-weight: normal; {input: undefined, result: Object, elapsedMs: 625, context: Object} @ http://localhost:3001/_next/static/chunks/node_modules_fd0e86a3._.js:3215
[   22684ms] [LOG] %c >> query #17 %cflagdown.listBeaches%c %O 
    background-color: #72e3ff;
    color: black;
    padding: 2px;
   
    background-color: #72e3ff;
    color: black;
    padding: 2px;
  ; font-weight: bold; 
    background-color: #72e3ff;
    color: black;
    padding: 2px;
  ; font-weight: normal; {input: undefined, context: Object} @ http://localhost:3001/_next/static/chunks/node_modules_fd0e86a3._.js:3215
[   22822ms] [LOG] %c >> query #18 %cflagdown.getTimeline%c %O 
    background-color: #72e3ff;
    color: black;
    padding: 2px;
   
    background-color: #72e3ff;
    color: black;
    padding: 2px;
  ; font-weight: bold; 
    background-color: #72e3ff;
    color: black;
    padding: 2px;
  ; font-weight: normal; {input: undefined, context: Object} @ http://localhost:3001/_next/static/chunks/node_modules_fd0e86a3._.js:3215
[   23222ms] [LOG] %c << query #17 %cflagdown.listBeaches%c %O 
    background-color: #3fb0d8;
    color: white;
    padding: 2px;
   
    background-color: #3fb0d8;
    color: white;
    padding: 2px;
  ; font-weight: bold; 
    background-color: #3fb0d8;
    color: white;
    padding: 2px;
  ; font-weight: normal; {input: undefined, result: Object, elapsedMs: 538, context: Object} @ http://localhost:3001/_next/static/chunks/node_modules_fd0e86a3._.js:3215
[   23529ms] [LOG] %c << query #18 %cflagdown.getTimeline%c %O 
    background-color: #3fb0d8;
    color: white;
    padding: 2px;
   
    background-color: #3fb0d8;
    color: white;
    padding: 2px;
  ; font-weight: bold; 
    background-color: #3fb0d8;
    color: white;
    padding: 2px;
  ; font-weight: normal; {input: undefined, result: Object, elapsedMs: 707, context: Object} @ http://localhost:3001/_next/static/chunks/node_modules_fd0e86a3._.js:3215
[   25224ms] [LOG] %c >> query #19 %cflagdown.listBeaches%c %O 
    background-color: #72e3ff;
    color: black;
    padding: 2px;
   
    background-color: #72e3ff;
    color: black;
    padding: 2px;
  ; font-weight: bold; 
    background-color: #72e3ff;
    color: black;
    padding: 2px;
  ; font-weight: normal; {input: undefined, context: Object} @ http://localhost:3001/_next/static/chunks/node_modules_fd0e86a3._.js:3215
[   25529ms] [LOG] %c >> query #20 %cflagdown.getTimeline%c %O 
    background-color: #72e3ff;
    color: black;
    padding: 2px;
   
    background-color: #72e3ff;
    color: black;
    padding: 2px;
  ; font-weight: bold; 
    background-color: #72e3ff;
    color: black;
    padding: 2px;
  ; font-weight: normal; {input: undefined, context: Object} @ http://localhost:3001/_next/static/chunks/node_modules_fd0e86a3._.js:3215
[   25885ms] [LOG] %c << query #19 %cflagdown.listBeaches%c %O 
    background-color: #3fb0d8;
    color: white;
    padding: 2px;
   
    background-color: #3fb0d8;
    color: white;
    padding: 2px;
  ; font-weight: bold; 
    background-color: #3fb0d8;
    color: white;
    padding: 2px;
  ; font-weight: normal; {input: undefined, result: Object, elapsedMs: 661, context: Object} @ http://localhost:3001/_next/static/chunks/node_modules_fd0e86a3._.js:3215
[   26402ms] [LOG] %c << query #20 %cflagdown.getTimeline%c %O 
    background-color: #3fb0d8;
    color: white;
    padding: 2px;
   
    background-color: #3fb0d8;
    color: white;
    padding: 2px;
  ; font-weight: bold; 
    background-color: #3fb0d8;
    color: white;
    padding: 2px;
  ; font-weight: normal; {input: undefined, result: Object, elapsedMs: 873, context: Object} @ http://localhost:3001/_next/static/chunks/node_modules_fd0e86a3._.js:3215
[   27887ms] [LOG] %c >> query #21 %cflagdown.listBeaches%c %O 
    background-color: #72e3ff;
    color: black;
    padding: 2px;
   
    background-color: #72e3ff;
    color: black;
    padding: 2px;
  ; font-weight: bold; 
    background-color: #72e3ff;
    color: black;
    padding: 2px;
  ; font-weight: normal; {input: undefined, context: Object} @ http://localhost:3001/_next/static/chunks/node_modules_fd0e86a3._.js:3215
[   28403ms] [LOG] %c >> query #22 %cflagdown.getTimeline%c %O 
    background-color: #72e3ff;
    color: black;
    padding: 2px;
   
    background-color: #72e3ff;
    color: black;
    padding: 2px;
  ; font-weight: bold; 
    background-color: #72e3ff;
    color: black;
    padding: 2px;
  ; font-weight: normal; {input: undefined, context: Object} @ http://localhost:3001/_next/static/chunks/node_modules_fd0e86a3._.js:3215
[   28480ms] [LOG] %c << query #21 %cflagdown.listBeaches%c %O 
    background-color: #3fb0d8;
    color: white;
    padding: 2px;
   
    background-color: #3fb0d8;
    color: white;
    padding: 2px;
  ; font-weight: bold; 
    background-color: #3fb0d8;
    color: white;
    padding: 2px;
  ; font-weight: normal; {input: undefined, result: Object, elapsedMs: 593, context: Object} @ http://localhost:3001/_next/static/chunks/node_modules_fd0e86a3._.js:3215
[   28946ms] [LOG] %c << query #22 %cflagdown.getTimeline%c %O 
    background-color: #3fb0d8;
    color: white;
    padding: 2px;
   
    background-color: #3fb0d8;
    color: white;
    padding: 2px;
  ; font-weight: bold; 
    background-color: #3fb0d8;
    color: white;
    padding: 2px;
  ; font-weight: normal; {input: undefined, result: Object, elapsedMs: 542, context: Object} @ http://localhost:3001/_next/static/chunks/node_modules_fd0e86a3._.js:3215
[   30482ms] [LOG] %c >> query #23 %cflagdown.listBeaches%c %O 
    background-color: #72e3ff;
    color: black;
    padding: 2px;
   
    background-color: #72e3ff;
    color: black;
    padding: 2px;
  ; font-weight: bold; 
    background-color: #72e3ff;
    color: black;
    padding: 2px;
  ; font-weight: normal; {input: undefined, context: Object} @ http://localhost:3001/_next/static/chunks/node_modules_fd0e86a3._.js:3215
[   30948ms] [LOG] %c >> query #24 %cflagdown.getTimeline%c %O 
    background-color: #72e3ff;
    color: black;
    padding: 2px;
   
    background-color: #72e3ff;
    color: black;
    padding: 2px;
  ; font-weight: bold; 
    background-color: #72e3ff;
    color: black;
    padding: 2px;
  ; font-weight: normal; {input: undefined, context: Object} @ http://localhost:3001/_next/static/chunks/node_modules_fd0e86a3._.js:3215
[   31144ms] [LOG] %c << query #23 %cflagdown.listBeaches%c %O 
    background-color: #3fb0d8;
    color: white;
    padding: 2px;
   
    background-color: #3fb0d8;
    color: white;
    padding: 2px;
  ; font-weight: bold; 
    background-color: #3fb0d8;
    color: white;
    padding: 2px;
  ; font-weight: normal; {input: undefined, result: Object, elapsedMs: 662, context: Object} @ http://localhost:3001/_next/static/chunks/node_modules_fd0e86a3._.js:3215
[   31529ms] [LOG] %c << query #24 %cflagdown.getTimeline%c %O 
    background-color: #3fb0d8;
    color: white;
    padding: 2px;
   
    background-color: #3fb0d8;
    color: white;
    padding: 2px;
  ; font-weight: bold; 
    background-color: #3fb0d8;
    color: white;
    padding: 2px;
  ; font-weight: normal; {input: undefined, result: Object, elapsedMs: 581, context: Object} @ http://localhost:3001/_next/static/chunks/node_modules_fd0e86a3._.js:3215
[   33146ms] [LOG] %c >> query #25 %cflagdown.listBeaches%c %O 
    background-color: #72e3ff;
    color: black;
    padding: 2px;
   
    background-color: #72e3ff;
    color: black;
    padding: 2px;
  ; font-weight: bold; 
    background-color: #72e3ff;
    color: black;
    padding: 2px;
  ; font-weight: normal; {input: undefined, context: Object} @ http://localhost:3001/_next/static/chunks/node_modules_fd0e86a3._.js:3215
[   33531ms] [LOG] %c >> query #26 %cflagdown.getTimeline%c %O 
    background-color: #72e3ff;
    color: black;
    padding: 2px;
   
    background-color: #72e3ff;
    color: black;
    padding: 2px;
  ; font-weight: bold; 
    background-color: #72e3ff;
    color: black;
    padding: 2px;
  ; font-weight: normal; {input: undefined, context: Object} @ http://localhost:3001/_next/static/chunks/node_modules_fd0e86a3._.js:3215
[   33721ms] [LOG] %c << query #25 %cflagdown.listBeaches%c %O 
    background-color: #3fb0d8;
    color: white;
    padding: 2px;
   
    background-color: #3fb0d8;
    color: white;
    padding: 2px;
  ; font-weight: bold; 
    background-color: #3fb0d8;
    color: white;
    padding: 2px;
  ; font-weight: normal; {input: undefined, result: Object, elapsedMs: 575, context: Object} @ http://localhost:3001/_next/static/chunks/node_modules_fd0e86a3._.js:3215
[   34167ms] [LOG] %c << query #26 %cflagdown.getTimeline%c %O 
    background-color: #3fb0d8;
    color: white;
    padding: 2px;
   
    background-color: #3fb0d8;
    color: white;
    padding: 2px;
  ; font-weight: bold; 
    background-color: #3fb0d8;
    color: white;
    padding: 2px;
  ; font-weight: normal; {input: undefined, result: Object, elapsedMs: 636, context: Object} @ http://localhost:3001/_next/static/chunks/node_modules_fd0e86a3._.js:3215
[   34908ms] [LOG] [Fast Refresh] rebuilding @ http://localhost:3001/_next/static/chunks/node_modules_next_dist_client_cf1d9188._.js:5956
[   35364ms] [LOG] [Fast Refresh] done in 530ms @ http://localhost:3001/_next/static/chunks/node_modules_next_dist_client_cf1d9188._.js:5816
[   35724ms] [LOG] %c >> query #27 %cflagdown.listBeaches%c %O 
    background-color: #72e3ff;
    color: black;
    padding: 2px;
   
    background-color: #72e3ff;
    color: black;
    padding: 2px;
  ; font-weight: bold; 
    background-color: #72e3ff;
    color: black;
    padding: 2px;
  ; font-weight: normal; {input: undefined, context: Object} @ http://localhost:3001/_next/static/chunks/node_modules_fd0e86a3._.js:3215
[   36169ms] [LOG] %c >> query #28 %cflagdown.getTimeline%c %O 
    background-color: #72e3ff;
    color: black;
    padding: 2px;
   
    background-color: #72e3ff;
    color: black;
    padding: 2px;
  ; font-weight: bold; 
    background-color: #72e3ff;
    color: black;
    padding: 2px;
  ; font-weight: normal; {input: undefined, context: Object} @ http://localhost:3001/_next/static/chunks/node_modules_fd0e86a3._.js:3215
[   36412ms] [LOG] %c << query #27 %cflagdown.listBeaches%c %O 
    background-color: #3fb0d8;
    color: white;
    padding: 2px;
   
    background-color: #3fb0d8;
    color: white;
    padding: 2px;
  ; font-weight: bold; 
    background-color: #3fb0d8;
    color: white;
    padding: 2px;
  ; font-weight: normal; {input: undefined, result: Object, elapsedMs: 687, context: Object} @ http://localhost:3001/_next/static/chunks/node_modules_fd0e86a3._.js:3215
[   36640ms] [LOG] %c << query #28 %cflagdown.getTimeline%c %O 
    background-color: #3fb0d8;
    color: white;
    padding: 2px;
   
    background-color: #3fb0d8;
    color: white;
    padding: 2px;
  ; font-weight: bold; 
    background-color: #3fb0d8;
    color: white;
    padding: 2px;
  ; font-weight: normal; {input: undefined, result: Object, elapsedMs: 471, context: Object} @ http://localhost:3001/_next/static/chunks/node_modules_fd0e86a3._.js:3215
[   38415ms] [LOG] %c >> query #29 %cflagdown.listBeaches%c %O 
    background-color: #72e3ff;
    color: black;
    padding: 2px;
   
    background-color: #72e3ff;
    color: black;
    padding: 2px;
  ; font-weight: bold; 
    background-color: #72e3ff;
    color: black;
    padding: 2px;
  ; font-weight: normal; {input: undefined, context: Object} @ http://localhost:3001/_next/static/chunks/node_modules_fd0e86a3._.js:3215
[   38642ms] [LOG] %c >> query #30 %cflagdown.getTimeline%c %O 
    background-color: #72e3ff;
    color: black;
    padding: 2px;
   
    background-color: #72e3ff;
    color: black;
    padding: 2px;
  ; font-weight: bold; 
    background-color: #72e3ff;
    color: black;
    padding: 2px;
  ; font-weight: normal; {input: undefined, context: Object} @ http://localhost:3001/_next/static/chunks/node_modules_fd0e86a3._.js:3215
[   39001ms] [LOG] %c << query #29 %cflagdown.listBeaches%c %O 
    background-color: #3fb0d8;
    color: white;
    padding: 2px;
   
    background-color: #3fb0d8;
    color: white;
    padding: 2px;
  ; font-weight: bold; 
    background-color: #3fb0d8;
    color: white;
    padding: 2px;
  ; font-weight: normal; {input: undefined, result: Object, elapsedMs: 585, context: Object} @ http://localhost:3001/_next/static/chunks/node_modules_fd0e86a3._.js:3215
[   39087ms] [LOG] %c << query #30 %cflagdown.getTimeline%c %O 
    background-color: #3fb0d8;
    color: white;
    padding: 2px;
   
    background-color: #3fb0d8;
    color: white;
    padding: 2px;
  ; font-weight: bold; 
    background-color: #3fb0d8;
    color: white;
    padding: 2px;
  ; font-weight: normal; {input: undefined, result: Object, elapsedMs: 445, context: Object} @ http://localhost:3001/_next/static/chunks/node_modules_fd0e86a3._.js:3215
[   40741ms] [LOG] [Fast Refresh] rebuilding @ http://localhost:3001/_next/static/chunks/node_modules_next_dist_client_cf1d9188._.js:5956
[   40767ms] [LOG] [Fast Refresh] done in 104ms @ http://localhost:3001/_next/static/chunks/node_modules_next_dist_client_cf1d9188._.js:5816
[   41002ms] [LOG] %c >> query #31 %cflagdown.listBeaches%c %O 
    background-color: #72e3ff;
    color: black;
    padding: 2px;
   
    background-color: #72e3ff;
    color: black;
    padding: 2px;
  ; font-weight: bold; 
    background-color: #72e3ff;
    color: black;
    padding: 2px;
  ; font-weight: normal; {input: undefined, context: Object} @ http://localhost:3001/_next/static/chunks/node_modules_fd0e86a3._.js:3215
[   41089ms] [LOG] %c >> query #32 %cflagdown.getTimeline%c %O 
    background-color: #72e3ff;
    color: black;
    padding: 2px;
   
    background-color: #72e3ff;
    color: black;
    padding: 2px;
  ; font-weight: bold; 
    background-color: #72e3ff;
    color: black;
    padding: 2px;
  ; font-weight: normal; {input: undefined, context: Object} @ http://localhost:3001/_next/static/chunks/node_modules_fd0e86a3._.js:3215
[   41475ms] [LOG] %c << query #31 %cflagdown.listBeaches%c %O 
    background-color: #3fb0d8;
    color: white;
    padding: 2px;
   
    background-color: #3fb0d8;
    color: white;
    padding: 2px;
  ; font-weight: bold; 
    background-color: #3fb0d8;
    color: white;
    padding: 2px;
  ; font-weight: normal; {input: undefined, result: Object, elapsedMs: 472, context: Object} @ http://localhost:3001/_next/static/chunks/node_modules_fd0e86a3._.js:3215
[   41692ms] [LOG] %c << query #32 %cflagdown.getTimeline%c %O 
    background-color: #3fb0d8;
    color: white;
    padding: 2px;
   
    background-color: #3fb0d8;
    color: white;
    padding: 2px;
  ; font-weight: bold; 
    background-color: #3fb0d8;
    color: white;
    padding: 2px;
  ; font-weight: normal; {input: undefined, result: Object, elapsedMs: 602, context: Object} @ http://localhost:3001/_next/static/chunks/node_modules_fd0e86a3._.js:3215
[   43477ms] [LOG] %c >> query #33 %cflagdown.listBeaches%c %O 
    background-color: #72e3ff;
    color: black;
    padding: 2px;
   
    background-color: #72e3ff;
    color: black;
    padding: 2px;
  ; font-weight: bold; 
    background-color: #72e3ff;
    color: black;
    padding: 2px;
  ; font-weight: normal; {input: undefined, context: Object} @ http://localhost:3001/_next/static/chunks/node_modules_fd0e86a3._.js:3215
[   43694ms] [LOG] %c >> query #34 %cflagdown.getTimeline%c %O 
    background-color: #72e3ff;
    color: black;
    padding: 2px;
   
    background-color: #72e3ff;
    color: black;
    padding: 2px;
  ; font-weight: bold; 
    background-color: #72e3ff;
    color: black;
    padding: 2px;
  ; font-weight: normal; {input: undefined, context: Object} @ http://localhost:3001/_next/static/chunks/node_modules_fd0e86a3._.js:3215
[   44181ms] [LOG] %c << query #33 %cflagdown.listBeaches%c %O 
    background-color: #3fb0d8;
    color: white;
    padding: 2px;
   
    background-color: #3fb0d8;
    color: white;
    padding: 2px;
  ; font-weight: bold; 
    background-color: #3fb0d8;
    color: white;
    padding: 2px;
  ; font-weight: normal; {input: undefined, result: Object, elapsedMs: 704, context: Object} @ http://localhost:3001/_next/static/chunks/node_modules_fd0e86a3._.js:3215
[   44307ms] [LOG] %c << query #34 %cflagdown.getTimeline%c %O 
    background-color: #3fb0d8;
    color: white;
    padding: 2px;
   
    background-color: #3fb0d8;
    color: white;
    padding: 2px;
  ; font-weight: bold; 
    background-color: #3fb0d8;
    color: white;
    padding: 2px;
  ; font-weight: normal; {input: undefined, result: Object, elapsedMs: 613, context: Object} @ http://localhost:3001/_next/static/chunks/node_modules_fd0e86a3._.js:3215
[   46182ms] [LOG] %c >> query #35 %cflagdown.listBeaches%c %O 
    background-color: #72e3ff;
    color: black;
    padding: 2px;
   
    background-color: #72e3ff;
    color: black;
    padding: 2px;
  ; font-weight: bold; 
    background-color: #72e3ff;
    color: black;
    padding: 2px;
  ; font-weight: normal; {input: undefined, context: Object} @ http://localhost:3001/_next/static/chunks/node_modules_fd0e86a3._.js:3215
[   46307ms] [LOG] %c >> query #36 %cflagdown.getTimeline%c %O 
    background-color: #72e3ff;
    color: black;
    padding: 2px;
   
    background-color: #72e3ff;
    color: black;
    padding: 2px;
  ; font-weight: bold; 
    background-color: #72e3ff;
    color: black;
    padding: 2px;
  ; font-weight: normal; {input: undefined, context: Object} @ http://localhost:3001/_next/static/chunks/node_modules_fd0e86a3._.js:3215
[   46767ms] [LOG] %c << query #35 %cflagdown.listBeaches%c %O 
    background-color: #3fb0d8;
    color: white;
    padding: 2px;
   
    background-color: #3fb0d8;
    color: white;
    padding: 2px;
  ; font-weight: bold; 
    background-color: #3fb0d8;
    color: white;
    padding: 2px;
  ; font-weight: normal; {input: undefined, result: Object, elapsedMs: 584, context: Object} @ http://localhost:3001/_next/static/chunks/node_modules_fd0e86a3._.js:3215
[   46908ms] [LOG] %c << query #36 %cflagdown.getTimeline%c %O 
    background-color: #3fb0d8;
    color: white;
    padding: 2px;
   
    background-color: #3fb0d8;
    color: white;
    padding: 2px;
  ; font-weight: bold; 
    background-color: #3fb0d8;
    color: white;
    padding: 2px;
  ; font-weight: normal; {input: undefined, result: Object, elapsedMs: 601, context: Object} @ http://localhost:3001/_next/static/chunks/node_modules_fd0e86a3._.js:3215
[   48768ms] [LOG] %c >> query #37 %cflagdown.listBeaches%c %O 
    background-color: #72e3ff;
    color: black;
    padding: 2px;
   
    background-color: #72e3ff;
    color: black;
    padding: 2px;
  ; font-weight: bold; 
    background-color: #72e3ff;
    color: black;
    padding: 2px;
  ; font-weight: normal; {input: undefined, context: Object} @ http://localhost:3001/_next/static/chunks/node_modules_fd0e86a3._.js:3215
[   48910ms] [LOG] %c >> query #38 %cflagdown.getTimeline%c %O 
    background-color: #72e3ff;
    color: black;
    padding: 2px;
   
    background-color: #72e3ff;
    color: black;
    padding: 2px;
  ; font-weight: bold; 
    background-color: #72e3ff;
    color: black;
    padding: 2px;
  ; font-weight: normal; {input: undefined, context: Object} @ http://localhost:3001/_next/static/chunks/node_modules_fd0e86a3._.js:3215
[   49284ms] [LOG] %c << query #37 %cflagdown.listBeaches%c %O 
    background-color: #3fb0d8;
    color: white;
    padding: 2px;
   
    background-color: #3fb0d8;
    color: white;
    padding: 2px;
  ; font-weight: bold; 
    background-color: #3fb0d8;
    color: white;
    padding: 2px;
  ; font-weight: normal; {input: undefined, result: Object, elapsedMs: 517, context: Object} @ http://localhost:3001/_next/static/chunks/node_modules_fd0e86a3._.js:3215
[   49666ms] [LOG] %c << query #38 %cflagdown.getTimeline%c %O 
    background-color: #3fb0d8;
    color: white;
    padding: 2px;
   
    background-color: #3fb0d8;
    color: white;
    padding: 2px;
  ; font-weight: bold; 
    background-color: #3fb0d8;
    color: white;
    padding: 2px;
  ; font-weight: normal; {input: undefined, result: Object, elapsedMs: 755, context: Object} @ http://localhost:3001/_next/static/chunks/node_modules_fd0e86a3._.js:3215
[   51286ms] [LOG] %c >> query #39 %cflagdown.listBeaches%c %O 
    background-color: #72e3ff;
    color: black;
    padding: 2px;
   
    background-color: #72e3ff;
    color: black;
    padding: 2px;
  ; font-weight: bold; 
    background-color: #72e3ff;
    color: black;
    padding: 2px;
  ; font-weight: normal; {input: undefined, context: Object} @ http://localhost:3001/_next/static/chunks/node_modules_fd0e86a3._.js:3215
[   51668ms] [LOG] %c >> query #40 %cflagdown.getTimeline%c %O 
    background-color: #72e3ff;
    color: black;
    padding: 2px;
   
    background-color: #72e3ff;
    color: black;
    padding: 2px;
  ; font-weight: bold; 
    background-color: #72e3ff;
    color: black;
    padding: 2px;
  ; font-weight: normal; {input: undefined, context: Object} @ http://localhost:3001/_next/static/chunks/node_modules_fd0e86a3._.js:3215
[   51876ms] [LOG] %c << query #39 %cflagdown.listBeaches%c %O 
    background-color: #3fb0d8;
    color: white;
    padding: 2px;
   
    background-color: #3fb0d8;
    color: white;
    padding: 2px;
  ; font-weight: bold; 
    background-color: #3fb0d8;
    color: white;
    padding: 2px;
  ; font-weight: normal; {input: undefined, result: Object, elapsedMs: 590, context: Object} @ http://localhost:3001/_next/static/chunks/node_modules_fd0e86a3._.js:3215
[   52287ms] [LOG] %c << query #40 %cflagdown.getTimeline%c %O 
    background-color: #3fb0d8;
    color: white;
    padding: 2px;
   
    background-color: #3fb0d8;
    color: white;
    padding: 2px;
  ; font-weight: bold; 
    background-color: #3fb0d8;
    color: white;
    padding: 2px;
  ; font-weight: normal; {input: undefined, result: Object, elapsedMs: 619, context: Object} @ http://localhost:3001/_next/static/chunks/node_modules_fd0e86a3._.js:3215
[   53879ms] [LOG] %c >> query #41 %cflagdown.listBeaches%c %O 
    background-color: #72e3ff;
    color: black;
    padding: 2px;
   
    background-color: #72e3ff;
    color: black;
    padding: 2px;
  ; font-weight: bold; 
    background-color: #72e3ff;
    color: black;
    padding: 2px;
  ; font-weight: normal; {input: undefined, context: Object} @ http://localhost:3001/_next/static/chunks/node_modules_fd0e86a3._.js:3215
[   54280ms] [LOG] %c << query #41 %cflagdown.listBeaches%c %O 
    background-color: #3fb0d8;
    color: white;
    padding: 2px;
   
    background-color: #3fb0d8;
    color: white;
    padding: 2px;
  ; font-weight: bold; 
    background-color: #3fb0d8;
    color: white;
    padding: 2px;
  ; font-weight: normal; {input: undefined, result: Object, elapsedMs: 401, context: Object} @ http://localhost:3001/_next/static/chunks/node_modules_fd0e86a3._.js:3215
[   54289ms] [LOG] %c >> query #42 %cflagdown.getTimeline%c %O 
    background-color: #72e3ff;
    color: black;
    padding: 2px;
   
    background-color: #72e3ff;
    color: black;
    padding: 2px;
  ; font-weight: bold; 
    background-color: #72e3ff;
    color: black;
    padding: 2px;
  ; font-weight: normal; {input: undefined, context: Object} @ http://localhost:3001/_next/static/chunks/node_modules_fd0e86a3._.js:3215
[   54977ms] [LOG] %c << query #42 %cflagdown.getTimeline%c %O 
    background-color: #3fb0d8;
    color: white;
    padding: 2px;
   
    background-color: #3fb0d8;
    color: white;
    padding: 2px;
  ; font-weight: bold; 
    background-color: #3fb0d8;
    color: white;
    padding: 2px;
  ; font-weight: normal; {input: undefined, result: Object, elapsedMs: 688, context: Object} @ http://localhost:3001/_next/static/chunks/node_modules_fd0e86a3._.js:3215
[   56286ms] [LOG] %c >> query #43 %cflagdown.listBeaches%c %O 
    background-color: #72e3ff;
    color: black;
    padding: 2px;
   
    background-color: #72e3ff;
    color: black;
    padding: 2px;
  ; font-weight: bold; 
    background-color: #72e3ff;
    color: black;
    padding: 2px;
  ; font-weight: normal; {input: undefined, context: Object} @ http://localhost:3001/_next/static/chunks/node_modules_fd0e86a3._.js:3215
[   56657ms] [LOG] %c << query #43 %cflagdown.listBeaches%c %O 
    background-color: #3fb0d8;
    color: white;
    padding: 2px;
   
    background-color: #3fb0d8;
    color: white;
    padding: 2px;
  ; font-weight: bold; 
    background-color: #3fb0d8;
    color: white;
    padding: 2px;
  ; font-weight: normal; {input: undefined, result: Object, elapsedMs: 372, context: Object} @ http://localhost:3001/_next/static/chunks/node_modules_fd0e86a3._.js:3215
[   56979ms] [LOG] %c >> query #44 %cflagdown.getTimeline%c %O 
    background-color: #72e3ff;
    color: black;
    padding: 2px;
   
    background-color: #72e3ff;
    color: black;
    padding: 2px;
  ; font-weight: bold; 
    background-color: #72e3ff;
    color: black;
    padding: 2px;
  ; font-weight: normal; {input: undefined, context: Object} @ http://localhost:3001/_next/static/chunks/node_modules_fd0e86a3._.js:3215
[   57352ms] [LOG] %c << query #44 %cflagdown.getTimeline%c %O 
    background-color: #3fb0d8;
    color: white;
    padding: 2px;
   
    background-color: #3fb0d8;
    color: white;
    padding: 2px;
  ; font-weight: bold; 
    background-color: #3fb0d8;
    color: white;
    padding: 2px;
  ; font-weight: normal; {input: undefined, result: Object, elapsedMs: 372, context: Object} @ http://localhost:3001/_next/static/chunks/node_modules_fd0e86a3._.js:3215
[   58660ms] [LOG] %c >> query #45 %cflagdown.listBeaches%c %O 
    background-color: #72e3ff;
    color: black;
    padding: 2px;
   
    background-color: #72e3ff;
    color: black;
    padding: 2px;
  ; font-weight: bold; 
    background-color: #72e3ff;
    color: black;
    padding: 2px;
  ; font-weight: normal; {input: undefined, context: Object} @ http://localhost:3001/_next/static/chunks/node_modules_fd0e86a3._.js:3215
[   59334ms] [LOG] %c << query #45 %cflagdown.listBeaches%c %O 
    background-color: #3fb0d8;
    color: white;
    padding: 2px;
   
    background-color: #3fb0d8;
    color: white;
    padding: 2px;
  ; font-weight: bold; 
    background-color: #3fb0d8;
    color: white;
    padding: 2px;
  ; font-weight: normal; {input: undefined, result: Object, elapsedMs: 673, context: Object} @ http://localhost:3001/_next/static/chunks/node_modules_fd0e86a3._.js:3215
[   59354ms] [LOG] %c >> query #46 %cflagdown.getTimeline%c %O 
    background-color: #72e3ff;
    color: black;
    padding: 2px;
   
    background-color: #72e3ff;
    color: black;
    padding: 2px;
  ; font-weight: bold; 
    background-color: #72e3ff;
    color: black;
    padding: 2px;
  ; font-weight: normal; {input: undefined, context: Object} @ http://localhost:3001/_next/static/chunks/node_modules_fd0e86a3._.js:3215
[   59992ms] [LOG] %c << query #46 %cflagdown.getTimeline%c %O 
    background-color: #3fb0d8;
    color: white;
    padding: 2px;
   
    background-color: #3fb0d8;
    color: white;
    padding: 2px;
  ; font-weight: bold; 
    background-color: #3fb0d8;
    color: white;
    padding: 2px;
  ; font-weight: normal; {input: undefined, result: Object, elapsedMs: 639, context: Object} @ http://localhost:3001/_next/static/chunks/node_modules_fd0e86a3._.js:3215
[   61336ms] [LOG] %c >> query #47 %cflagdown.listBeaches%c %O 
    background-color: #72e3ff;
    color: black;
    padding: 2px;
   
    background-color: #72e3ff;
    color: black;
    padding: 2px;
  ; font-weight: bold; 
    background-color: #72e3ff;
    color: black;
    padding: 2px;
  ; font-weight: normal; {input: undefined, context: Object} @ http://localhost:3001/_next/static/chunks/node_modules_fd0e86a3._.js:3215
[   61584ms] [LOG] [Fast Refresh] rebuilding @ http://localhost:3001/_next/static/chunks/node_modules_next_dist_client_cf1d9188._.js:5956
[   61966ms] [LOG] %c << query #47 %cflagdown.listBeaches%c %O 
    background-color: #3fb0d8;
    color: white;
    padding: 2px;
   
    background-color: #3fb0d8;
    color: white;
    padding: 2px;
  ; font-weight: bold; 
    background-color: #3fb0d8;
    color: white;
    padding: 2px;
  ; font-weight: normal; {input: undefined, result: Object, elapsedMs: 629, context: Object} @ http://localhost:3001/_next/static/chunks/node_modules_fd0e86a3._.js:3215
[   61993ms] [LOG] %c >> query #48 %cflagdown.getTimeline%c %O 
    background-color: #72e3ff;
    color: black;
    padding: 2px;
   
    background-color: #72e3ff;
    color: black;
    padding: 2px;
  ; font-weight: bold; 
    background-color: #72e3ff;
    color: black;
    padding: 2px;
  ; font-weight: normal; {input: undefined, context: Object} @ http://localhost:3001/_next/static/chunks/node_modules_fd0e86a3._.js:3215
[   62204ms] [LOG] [Fast Refresh] done in 680ms @ http://localhost:3001/_next/static/chunks/node_modules_next_dist_client_cf1d9188._.js:5816
[   62652ms] [LOG] %c << query #48 %cflagdown.getTimeline%c %O 
    background-color: #3fb0d8;
    color: white;
    padding: 2px;
   
    background-color: #3fb0d8;
    color: white;
    padding: 2px;
  ; font-weight: bold; 
    background-color: #3fb0d8;
    color: white;
    padding: 2px;
  ; font-weight: normal; {input: undefined, result: Object, elapsedMs: 658, context: Object} @ http://localhost:3001/_next/static/chunks/node_modules_fd0e86a3._.js:3215
[   63967ms] [LOG] %c >> query #49 %cflagdown.listBeaches%c %O 
    background-color: #72e3ff;
    color: black;
    padding: 2px;
   
    background-color: #72e3ff;
    color: black;
    padding: 2px;
  ; font-weight: bold; 
    background-color: #72e3ff;
    color: black;
    padding: 2px;
  ; font-weight: normal; {input: undefined, context: Object} @ http://localhost:3001/_next/static/chunks/node_modules_fd0e86a3._.js:3215
[   64638ms] [LOG] %c << query #49 %cflagdown.listBeaches%c %O 
    background-color: #3fb0d8;
    color: white;
    padding: 2px;
   
    background-color: #3fb0d8;
    color: white;
    padding: 2px;
  ; font-weight: bold; 
    background-color: #3fb0d8;
    color: white;
    padding: 2px;
  ; font-weight: normal; {input: undefined, result: Object, elapsedMs: 671, context: Object} @ http://localhost:3001/_next/static/chunks/node_modules_fd0e86a3._.js:3215
[   64655ms] [LOG] %c >> query #50 %cflagdown.getTimeline%c %O 
    background-color: #72e3ff;
    color: black;
    padding: 2px;
   
    background-color: #72e3ff;
    color: black;
    padding: 2px;
  ; font-weight: bold; 
    background-color: #72e3ff;
    color: black;
    padding: 2px;
  ; font-weight: normal; {input: undefined, context: Object} @ http://localhost:3001/_next/static/chunks/node_modules_fd0e86a3._.js:3215
[   65296ms] [LOG] %c << query #50 %cflagdown.getTimeline%c %O 
    background-color: #3fb0d8;
    color: white;
    padding: 2px;
   
    background-color: #3fb0d8;
    color: white;
    padding: 2px;
  ; font-weight: bold; 
    background-color: #3fb0d8;
    color: white;
    padding: 2px;
  ; font-weight: normal; {input: undefined, result: Object, elapsedMs: 641, context: Object} @ http://localhost:3001/_next/static/chunks/node_modules_fd0e86a3._.js:3215
[   66333ms] [LOG] [Fast Refresh] rebuilding @ http://localhost:3001/_next/static/chunks/node_modules_next_dist_client_cf1d9188._.js:5956
[   66350ms] [LOG] [Fast Refresh] done in 99ms @ http://localhost:3001/_next/static/chunks/node_modules_next_dist_client_cf1d9188._.js:5816
[   66640ms] [LOG] %c >> query #51 %cflagdown.listBeaches%c %O 
    background-color: #72e3ff;
    color: black;
    padding: 2px;
   
    background-color: #72e3ff;
    color: black;
    padding: 2px;
  ; font-weight: bold; 
    background-color: #72e3ff;
    color: black;
    padding: 2px;
  ; font-weight: normal; {input: undefined, context: Object} @ http://localhost:3001/_next/static/chunks/node_modules_fd0e86a3._.js:3215
[   67297ms] [LOG] %c >> query #52 %cflagdown.getTimeline%c %O 
    background-color: #72e3ff;
    color: black;
    padding: 2px;
   
    background-color: #72e3ff;
    color: black;
    padding: 2px;
  ; font-weight: bold; 
    background-color: #72e3ff;
    color: black;
    padding: 2px;
  ; font-weight: normal; {input: undefined, context: Object} @ http://localhost:3001/_next/static/chunks/node_modules_fd0e86a3._.js:3215
[   67350ms] [LOG] %c << query #51 %cflagdown.listBeaches%c %O 
    background-color: #3fb0d8;
    color: white;
    padding: 2px;
   
    background-color: #3fb0d8;
    color: white;
    padding: 2px;
  ; font-weight: bold; 
    background-color: #3fb0d8;
    color: white;
    padding: 2px;
  ; font-weight: normal; {input: undefined, result: Object, elapsedMs: 710, context: Object} @ http://localhost:3001/_next/static/chunks/node_modules_fd0e86a3._.js:3215
[   67902ms] [LOG] %c << query #52 %cflagdown.getTimeline%c %O 
    background-color: #3fb0d8;
    color: white;
    padding: 2px;
   
    background-color: #3fb0d8;
    color: white;
    padding: 2px;
  ; font-weight: bold; 
    background-color: #3fb0d8;
    color: white;
    padding: 2px;
  ; font-weight: normal; {input: undefined, result: Object, elapsedMs: 605, context: Object} @ http://localhost:3001/_next/static/chunks/node_modules_fd0e86a3._.js:3215
[   69351ms] [LOG] %c >> query #53 %cflagdown.listBeaches%c %O 
    background-color: #72e3ff;
    color: black;
    padding: 2px;
   
    background-color: #72e3ff;
    color: black;
    padding: 2px;
  ; font-weight: bold; 
    background-color: #72e3ff;
    color: black;
    padding: 2px;
  ; font-weight: normal; {input: undefined, context: Object} @ http://localhost:3001/_next/static/chunks/node_modules_fd0e86a3._.js:3215
[   69792ms] [LOG] %c << query #53 %cflagdown.listBeaches%c %O 
    background-color: #3fb0d8;
    color: white;
    padding: 2px;
   
    background-color: #3fb0d8;
    color: white;
    padding: 2px;
  ; font-weight: bold; 
    background-color: #3fb0d8;
    color: white;
    padding: 2px;
  ; font-weight: normal; {input: undefined, result: Object, elapsedMs: 441, context: Object} @ http://localhost:3001/_next/static/chunks/node_modules_fd0e86a3._.js:3215
[   69903ms] [LOG] %c >> query #54 %cflagdown.getTimeline%c %O 
    background-color: #72e3ff;
    color: black;
    padding: 2px;
   
    background-color: #72e3ff;
    color: black;
    padding: 2px;
  ; font-weight: bold; 
    background-color: #72e3ff;
    color: black;
    padding: 2px;
  ; font-weight: normal; {input: undefined, context: Object} @ http://localhost:3001/_next/static/chunks/node_modules_fd0e86a3._.js:3215
[   70447ms] [LOG] %c << query #54 %cflagdown.getTimeline%c %O 
    background-color: #3fb0d8;
    color: white;
    padding: 2px;
   
    background-color: #3fb0d8;
    color: white;
    padding: 2px;
  ; font-weight: bold; 
    background-color: #3fb0d8;
    color: white;
    padding: 2px;
  ; font-weight: normal; {input: undefined, result: Object, elapsedMs: 543, context: Object} @ http://localhost:3001/_next/static/chunks/node_modules_fd0e86a3._.js:3215
[   71794ms] [LOG] %c >> query #55 %cflagdown.listBeaches%c %O 
    background-color: #72e3ff;
    color: black;
    padding: 2px;
   
    background-color: #72e3ff;
    color: black;
    padding: 2px;
  ; font-weight: bold; 
    background-color: #72e3ff;
    color: black;
    padding: 2px;
  ; font-weight: normal; {input: undefined, context: Object} @ http://localhost:3001/_next/static/chunks/node_modules_fd0e86a3._.js:3215
[   72220ms] [LOG] %c << query #55 %cflagdown.listBeaches%c %O 
    background-color: #3fb0d8;
    color: white;
    padding: 2px;
   
    background-color: #3fb0d8;
    color: white;
    padding: 2px;
  ; font-weight: bold; 
    background-color: #3fb0d8;
    color: white;
    padding: 2px;
  ; font-weight: normal; {input: undefined, result: Object, elapsedMs: 425, context: Object} @ http://localhost:3001/_next/static/chunks/node_modules_fd0e86a3._.js:3215
[   72448ms] [LOG] %c >> query #56 %cflagdown.getTimeline%c %O 
    background-color: #72e3ff;
    color: black;
    padding: 2px;
   
    background-color: #72e3ff;
    color: black;
    padding: 2px;
  ; font-weight: bold; 
    background-color: #72e3ff;
    color: black;
    padding: 2px;
  ; font-weight: normal; {input: undefined, context: Object} @ http://localhost:3001/_next/static/chunks/node_modules_fd0e86a3._.js:3215
[   73012ms] [LOG] %c << query #56 %cflagdown.getTimeline%c %O 
    background-color: #3fb0d8;
    color: white;
    padding: 2px;
   
    background-color: #3fb0d8;
    color: white;
    padding: 2px;
  ; font-weight: bold; 
    background-color: #3fb0d8;
    color: white;
    padding: 2px;
  ; font-weight: normal; {input: undefined, result: Object, elapsedMs: 565, context: Object} @ http://localhost:3001/_next/static/chunks/node_modules_fd0e86a3._.js:3215
[   74222ms] [LOG] %c >> query #57 %cflagdown.listBeaches%c %O 
    background-color: #72e3ff;
    color: black;
    padding: 2px;
   
    background-color: #72e3ff;
    color: black;
    padding: 2px;
  ; font-weight: bold; 
    background-color: #72e3ff;
    color: black;
    padding: 2px;
  ; font-weight: normal; {input: undefined, context: Object} @ http://localhost:3001/_next/static/chunks/node_modules_fd0e86a3._.js:3215
[   74752ms] [LOG] %c << query #57 %cflagdown.listBeaches%c %O 
    background-color: #3fb0d8;
    color: white;
    padding: 2px;
   
    background-color: #3fb0d8;
    color: white;
    padding: 2px;
  ; font-weight: bold; 
    background-color: #3fb0d8;
    color: white;
    padding: 2px;
  ; font-weight: normal; {input: undefined, result: Object, elapsedMs: 529, context: Object} @ http://localhost:3001/_next/static/chunks/node_modules_fd0e86a3._.js:3215
[   75014ms] [LOG] %c >> query #58 %cflagdown.getTimeline%c %O 
    background-color: #72e3ff;
    color: black;
    padding: 2px;
   
    background-color: #72e3ff;
    color: black;
    padding: 2px;
  ; font-weight: bold; 
    background-color: #72e3ff;
    color: black;
    padding: 2px;
  ; font-weight: normal; {input: undefined, context: Object} @ http://localhost:3001/_next/static/chunks/node_modules_fd0e86a3._.js:3215
[   75804ms] [LOG] %c << query #58 %cflagdown.getTimeline%c %O 
    background-color: #3fb0d8;
    color: white;
    padding: 2px;
   
    background-color: #3fb0d8;
    color: white;
    padding: 2px;
  ; font-weight: bold; 
    background-color: #3fb0d8;
    color: white;
    padding: 2px;
  ; font-weight: normal; {input: undefined, result: Object, elapsedMs: 791, context: Object} @ http://localhost:3001/_next/static/chunks/node_modules_fd0e86a3._.js:3215
[   76754ms] [LOG] %c >> query #59 %cflagdown.listBeaches%c %O 
    background-color: #72e3ff;
    color: black;
    padding: 2px;
   
    background-color: #72e3ff;
    color: black;
    padding: 2px;
  ; font-weight: bold; 
    background-color: #72e3ff;
    color: black;
    padding: 2px;
  ; font-weight: normal; {input: undefined, context: Object} @ http://localhost:3001/_next/static/chunks/node_modules_fd0e86a3._.js:3215
[   77241ms] [LOG] %c << query #59 %cflagdown.listBeaches%c %O 
    background-color: #3fb0d8;
    color: white;
    padding: 2px;
   
    background-color: #3fb0d8;
    color: white;
    padding: 2px;
  ; font-weight: bold; 
    background-color: #3fb0d8;
    color: white;
    padding: 2px;
  ; font-weight: normal; {input: undefined, result: Object, elapsedMs: 487, context: Object} @ http://localhost:3001/_next/static/chunks/node_modules_fd0e86a3._.js:3215
[   77805ms] [LOG] %c >> query #60 %cflagdown.getTimeline%c %O 
    background-color: #72e3ff;
    color: black;
    padding: 2px;
   
    background-color: #72e3ff;
    color: black;
    padding: 2px;
  ; font-weight: bold; 
    background-color: #72e3ff;
    color: black;
    padding: 2px;
  ; font-weight: normal; {input: undefined, context: Object} @ http://localhost:3001/_next/static/chunks/node_modules_fd0e86a3._.js:3215
[   78525ms] [LOG] %c << query #60 %cflagdown.getTimeline%c %O 
    background-color: #3fb0d8;
    color: white;
    padding: 2px;
   
    background-color: #3fb0d8;
    color: white;
    padding: 2px;
  ; font-weight: bold; 
    background-color: #3fb0d8;
    color: white;
    padding: 2px;
  ; font-weight: normal; {input: undefined, result: Object, elapsedMs: 720, context: Object} @ http://localhost:3001/_next/static/chunks/node_modules_fd0e86a3._.js:3215
[   79243ms] [LOG] %c >> query #61 %cflagdown.listBeaches%c %O 
    background-color: #72e3ff;
    color: black;
    padding: 2px;
   
    background-color: #72e3ff;
    color: black;
    padding: 2px;
  ; font-weight: bold; 
    background-color: #72e3ff;
    color: black;
    padding: 2px;
  ; font-weight: normal; {input: undefined, context: Object} @ http://localhost:3001/_next/static/chunks/node_modules_fd0e86a3._.js:3215
[   79740ms] [LOG] %c << query #61 %cflagdown.listBeaches%c %O 
    background-color: #3fb0d8;
    color: white;
    padding: 2px;
   
    background-color: #3fb0d8;
    color: white;
    padding: 2px;
  ; font-weight: bold; 
    background-color: #3fb0d8;
    color: white;
    padding: 2px;
  ; font-weight: normal; {input: undefined, result: Object, elapsedMs: 497, context: Object} @ http://localhost:3001/_next/static/chunks/node_modules_fd0e86a3._.js:3215
[   80527ms] [LOG] %c >> query #62 %cflagdown.getTimeline%c %O 
    background-color: #72e3ff;
    color: black;
    padding: 2px;
   
    background-color: #72e3ff;
    color: black;
    padding: 2px;
  ; font-weight: bold; 
    background-color: #72e3ff;
    color: black;
    padding: 2px;
  ; font-weight: normal; {input: undefined, context: Object} @ http://localhost:3001/_next/static/chunks/node_modules_fd0e86a3._.js:3215
[   81106ms] [LOG] %c << query #62 %cflagdown.getTimeline%c %O 
    background-color: #3fb0d8;
    color: white;
    padding: 2px;
   
    background-color: #3fb0d8;
    color: white;
    padding: 2px;
  ; font-weight: bold; 
    background-color: #3fb0d8;
    color: white;
    padding: 2px;
  ; font-weight: normal; {input: undefined, result: Object, elapsedMs: 578, context: Object} @ http://localhost:3001/_next/static/chunks/node_modules_fd0e86a3._.js:3215
[   81742ms] [LOG] %c >> query #63 %cflagdown.listBeaches%c %O 
    background-color: #72e3ff;
    color: black;
    padding: 2px;
   
    background-color: #72e3ff;
    color: black;
    padding: 2px;
  ; font-weight: bold; 
    background-color: #72e3ff;
    color: black;
    padding: 2px;
  ; font-weight: normal; {input: undefined, context: Object} @ http://localhost:3001/_next/static/chunks/node_modules_fd0e86a3._.js:3215
[   82238ms] [LOG] %c << query #63 %cflagdown.listBeaches%c %O 
    background-color: #3fb0d8;
    color: white;
    padding: 2px;
   
    background-color: #3fb0d8;
    color: white;
    padding: 2px;
  ; font-weight: bold; 
    background-color: #3fb0d8;
    color: white;
    padding: 2px;
  ; font-weight: normal; {input: undefined, result: Object, elapsedMs: 496, context: Object} @ http://localhost:3001/_next/static/chunks/node_modules_fd0e86a3._.js:3215
[   83108ms] [LOG] %c >> query #64 %cflagdown.getTimeline%c %O 
    background-color: #72e3ff;
    color: black;
    padding: 2px;
   
    background-color: #72e3ff;
    color: black;
    padding: 2px;
  ; font-weight: bold; 
    background-color: #72e3ff;
    color: black;
    padding: 2px;
  ; font-weight: normal; {input: undefined, context: Object} @ http://localhost:3001/_next/static/chunks/node_modules_fd0e86a3._.js:3215
[   83700ms] [LOG] %c << query #64 %cflagdown.getTimeline%c %O 
    background-color: #3fb0d8;
    color: white;
    padding: 2px;
   
    background-color: #3fb0d8;
    color: white;
    padding: 2px;
  ; font-weight: bold; 
    background-color: #3fb0d8;
    color: white;
    padding: 2px;
  ; font-weight: normal; {input: undefined, result: Object, elapsedMs: 592, context: Object} @ http://localhost:3001/_next/static/chunks/node_modules_fd0e86a3._.js:3215
[   84239ms] [LOG] %c >> query #65 %cflagdown.listBeaches%c %O 
    background-color: #72e3ff;
    color: black;
    padding: 2px;
   
    background-color: #72e3ff;
    color: black;
    padding: 2px;
  ; font-weight: bold; 
    background-color: #72e3ff;
    color: black;
    padding: 2px;
  ; font-weight: normal; {input: undefined, context: Object} @ http://localhost:3001/_next/static/chunks/node_modules_fd0e86a3._.js:3215
[   84608ms] [LOG] %c << query #65 %cflagdown.listBeaches%c %O 
    background-color: #3fb0d8;
    color: white;
    padding: 2px;
   
    background-color: #3fb0d8;
    color: white;
    padding: 2px;
  ; font-weight: bold; 
    background-color: #3fb0d8;
    color: white;
    padding: 2px;
  ; font-weight: normal; {input: undefined, result: Object, elapsedMs: 369, context: Object} @ http://localhost:3001/_next/static/chunks/node_modules_fd0e86a3._.js:3215
[   85701ms] [LOG] %c >> query #66 %cflagdown.getTimeline%c %O 
    background-color: #72e3ff;
    color: black;
    padding: 2px;
   
    background-color: #72e3ff;
    color: black;
    padding: 2px;
  ; font-weight: bold; 
    background-color: #72e3ff;
    color: black;
    padding: 2px;
  ; font-weight: normal; {input: undefined, context: Object} @ http://localhost:3001/_next/static/chunks/node_modules_fd0e86a3._.js:3215
[   86340ms] [LOG] %c << query #66 %cflagdown.getTimeline%c %O 
    background-color: #3fb0d8;
    color: white;
    padding: 2px;
   
    background-color: #3fb0d8;
    color: white;
    padding: 2px;
  ; font-weight: bold; 
    background-color: #3fb0d8;
    color: white;
    padding: 2px;
  ; font-weight: normal; {input: undefined, result: Object, elapsedMs: 640, context: Object} @ http://localhost:3001/_next/static/chunks/node_modules_fd0e86a3._.js:3215
[   86610ms] [LOG] %c >> query #67 %cflagdown.listBeaches%c %O 
    background-color: #72e3ff;
    color: black;
    padding: 2px;
   
    background-color: #72e3ff;
    color: black;
    padding: 2px;
  ; font-weight: bold; 
    background-color: #72e3ff;
    color: black;
    padding: 2px;
  ; font-weight: normal; {input: undefined, context: Object} @ http://localhost:3001/_next/static/chunks/node_modules_fd0e86a3._.js:3215
[   87165ms] [LOG] %c << query #67 %cflagdown.listBeaches%c %O 
    background-color: #3fb0d8;
    color: white;
    padding: 2px;
   
    background-color: #3fb0d8;
    color: white;
    padding: 2px;
  ; font-weight: bold; 
    background-color: #3fb0d8;
    color: white;
    padding: 2px;
  ; font-weight: normal; {input: undefined, result: Object, elapsedMs: 555, context: Object} @ http://localhost:3001/_next/static/chunks/node_modules_fd0e86a3._.js:3215
[   88342ms] [LOG] %c >> query #68 %cflagdown.getTimeline%c %O 
    background-color: #72e3ff;
    color: black;
    padding: 2px;
   
    background-color: #72e3ff;
    color: black;
    padding: 2px;
  ; font-weight: bold; 
    background-color: #72e3ff;
    color: black;
    padding: 2px;
  ; font-weight: normal; {input: undefined, context: Object} @ http://localhost:3001/_next/static/chunks/node_modules_fd0e86a3._.js:3215
[   88803ms] [LOG] %c << query #68 %cflagdown.getTimeline%c %O 
    background-color: #3fb0d8;
    color: white;
    padding: 2px;
   
    background-color: #3fb0d8;
    color: white;
    padding: 2px;
  ; font-weight: bold; 
    background-color: #3fb0d8;
    color: white;
    padding: 2px;
  ; font-weight: normal; {input: undefined, result: Object, elapsedMs: 460, context: Object} @ http://localhost:3001/_next/static/chunks/node_modules_fd0e86a3._.js:3215
[   89166ms] [LOG] %c >> query #69 %cflagdown.listBeaches%c %O 
    background-color: #72e3ff;
    color: black;
    padding: 2px;
   
    background-color: #72e3ff;
    color: black;
    padding: 2px;
  ; font-weight: bold; 
    background-color: #72e3ff;
    color: black;
    padding: 2px;
  ; font-weight: normal; {input: undefined, context: Object} @ http://localhost:3001/_next/static/chunks/node_modules_fd0e86a3._.js:3215
[   89673ms] [LOG] %c << query #69 %cflagdown.listBeaches%c %O 
    background-color: #3fb0d8;
    color: white;
    padding: 2px;
   
    background-color: #3fb0d8;
    color: white;
    padding: 2px;
  ; font-weight: bold; 
    background-color: #3fb0d8;
    color: white;
    padding: 2px;
  ; font-weight: normal; {input: undefined, result: Object, elapsedMs: 507, context: Object} @ http://localhost:3001/_next/static/chunks/node_modules_fd0e86a3._.js:3215
[   90209ms] [LOG] [Fast Refresh] rebuilding @ http://localhost:3001/_next/static/chunks/node_modules_next_dist_client_cf1d9188._.js:5956
[   90234ms] [LOG] [Fast Refresh] done in 58ms @ http://localhost:3001/_next/static/chunks/node_modules_next_dist_client_cf1d9188._.js:5816
[   90804ms] [LOG] %c >> query #70 %cflagdown.getTimeline%c %O 
    background-color: #72e3ff;
    color: black;
    padding: 2px;
   
    background-color: #72e3ff;
    color: black;
    padding: 2px;
  ; font-weight: bold; 
    background-color: #72e3ff;
    color: black;
    padding: 2px;
  ; font-weight: normal; {input: undefined, context: Object} @ http://localhost:3001/_next/static/chunks/node_modules_fd0e86a3._.js:3215
[   91534ms] [LOG] %c << query #70 %cflagdown.getTimeline%c %O 
    background-color: #3fb0d8;
    color: white;
    padding: 2px;
   
    background-color: #3fb0d8;
    color: white;
    padding: 2px;
  ; font-weight: bold; 
    background-color: #3fb0d8;
    color: white;
    padding: 2px;
  ; font-weight: normal; {input: undefined, result: Object, elapsedMs: 729, context: Object} @ http://localhost:3001/_next/static/chunks/node_modules_fd0e86a3._.js:3215
[   91675ms] [LOG] %c >> query #71 %cflagdown.listBeaches%c %O 
    background-color: #72e3ff;
    color: black;
    padding: 2px;
   
    background-color: #72e3ff;
    color: black;
    padding: 2px;
  ; font-weight: bold; 
    background-color: #72e3ff;
    color: black;
    padding: 2px;
  ; font-weight: normal; {input: undefined, context: Object} @ http://localhost:3001/_next/static/chunks/node_modules_fd0e86a3._.js:3215
[   92060ms] [LOG] %c << query #71 %cflagdown.listBeaches%c %O 
    background-color: #3fb0d8;
    color: white;
    padding: 2px;
   
    background-color: #3fb0d8;
    color: white;
    padding: 2px;
  ; font-weight: bold; 
    background-color: #3fb0d8;
    color: white;
    padding: 2px;
  ; font-weight: normal; {input: undefined, result: Object, elapsedMs: 385, context: Object} @ http://localhost:3001/_next/static/chunks/node_modules_fd0e86a3._.js:3215
[   93536ms] [LOG] %c >> query #72 %cflagdown.getTimeline%c %O 
    background-color: #72e3ff;
    color: black;
    padding: 2px;
   
    background-color: #72e3ff;
    color: black;
    padding: 2px;
  ; font-weight: bold; 
    background-color: #72e3ff;
    color: black;
    padding: 2px;
  ; font-weight: normal; {input: undefined, context: Object} @ http://localhost:3001/_next/static/chunks/node_modules_fd0e86a3._.js:3215
[   93998ms] [LOG] %c << query #72 %cflagdown.getTimeline%c %O 
    background-color: #3fb0d8;
    color: white;
    padding: 2px;
   
    background-color: #3fb0d8;
    color: white;
    padding: 2px;
  ; font-weight: bold; 
    background-color: #3fb0d8;
    color: white;
    padding: 2px;
  ; font-weight: normal; {input: undefined, result: Object, elapsedMs: 461, context: Object} @ http://localhost:3001/_next/static/chunks/node_modules_fd0e86a3._.js:3215
[   94062ms] [LOG] %c >> query #73 %cflagdown.listBeaches%c %O 
    background-color: #72e3ff;
    color: black;
    padding: 2px;
   
    background-color: #72e3ff;
    color: black;
    padding: 2px;
  ; font-weight: bold; 
    background-color: #72e3ff;
    color: black;
    padding: 2px;
  ; font-weight: normal; {input: undefined, context: Object} @ http://localhost:3001/_next/static/chunks/node_modules_fd0e86a3._.js:3215
[   94430ms] [LOG] %c << query #73 %cflagdown.listBeaches%c %O 
    background-color: #3fb0d8;
    color: white;
    padding: 2px;
   
    background-color: #3fb0d8;
    color: white;
    padding: 2px;
  ; font-weight: bold; 
    background-color: #3fb0d8;
    color: white;
    padding: 2px;
  ; font-weight: normal; {input: undefined, result: Object, elapsedMs: 368, context: Object} @ http://localhost:3001/_next/static/chunks/node_modules_fd0e86a3._.js:3215
[   95999ms] [LOG] %c >> query #74 %cflagdown.getTimeline%c %O 
    background-color: #72e3ff;
    color: black;
    padding: 2px;
   
    background-color: #72e3ff;
    color: black;
    padding: 2px;
  ; font-weight: bold; 
    background-color: #72e3ff;
    color: black;
    padding: 2px;
  ; font-weight: normal; {input: undefined, context: Object} @ http://localhost:3001/_next/static/chunks/node_modules_fd0e86a3._.js:3215
[   96431ms] [LOG] %c >> query #75 %cflagdown.listBeaches%c %O 
    background-color: #72e3ff;
    color: black;
    padding: 2px;
   
    background-color: #72e3ff;
    color: black;
    padding: 2px;
  ; font-weight: bold; 
    background-color: #72e3ff;
    color: black;
    padding: 2px;
  ; font-weight: normal; {input: undefined, context: Object} @ http://localhost:3001/_next/static/chunks/node_modules_fd0e86a3._.js:3215
[   96772ms] [LOG] %c << query #74 %cflagdown.getTimeline%c %O 
    background-color: #3fb0d8;
    color: white;
    padding: 2px;
   
    background-color: #3fb0d8;
    color: white;
    padding: 2px;
  ; font-weight: bold; 
    background-color: #3fb0d8;
    color: white;
    padding: 2px;
  ; font-weight: normal; {input: undefined, result: Object, elapsedMs: 773, context: Object} @ http://localhost:3001/_next/static/chunks/node_modules_fd0e86a3._.js:3215
[   97164ms] [LOG] %c << query #75 %cflagdown.listBeaches%c %O 
    background-color: #3fb0d8;
    color: white;
    padding: 2px;
   
    background-color: #3fb0d8;
    color: white;
    padding: 2px;
  ; font-weight: bold; 
    background-color: #3fb0d8;
    color: white;
    padding: 2px;
  ; font-weight: normal; {input: undefined, result: Object, elapsedMs: 733, context: Object} @ http://localhost:3001/_next/static/chunks/node_modules_fd0e86a3._.js:3215
[   98774ms] [LOG] %c >> query #76 %cflagdown.getTimeline%c %O 
    background-color: #72e3ff;
    color: black;
    padding: 2px;
   
    background-color: #72e3ff;
    color: black;
    padding: 2px;
  ; font-weight: bold; 
    background-color: #72e3ff;
    color: black;
    padding: 2px;
  ; font-weight: normal; {input: undefined, context: Object} @ http://localhost:3001/_next/static/chunks/node_modules_fd0e86a3._.js:3215
[   99165ms] [LOG] %c >> query #77 %cflagdown.listBeaches%c %O 
    background-color: #72e3ff;
    color: black;
    padding: 2px;
   
    background-color: #72e3ff;
    color: black;
    padding: 2px;
  ; font-weight: bold; 
    background-color: #72e3ff;
    color: black;
    padding: 2px;
  ; font-weight: normal; {input: undefined, context: Object} @ http://localhost:3001/_next/static/chunks/node_modules_fd0e86a3._.js:3215
[   99290ms] [LOG] %c << query #76 %cflagdown.getTimeline%c %O 
    background-color: #3fb0d8;
    color: white;
    padding: 2px;
   
    background-color: #3fb0d8;
    color: white;
    padding: 2px;
  ; font-weight: bold; 
    background-color: #3fb0d8;
    color: white;
    padding: 2px;
  ; font-weight: normal; {input: undefined, result: Object, elapsedMs: 515, context: Object} @ http://localhost:3001/_next/static/chunks/node_modules_fd0e86a3._.js:3215
[   99896ms] [LOG] %c << query #77 %cflagdown.listBeaches%c %O 
    background-color: #3fb0d8;
    color: white;
    padding: 2px;
   
    background-color: #3fb0d8;
    color: white;
    padding: 2px;
  ; font-weight: bold; 
    background-color: #3fb0d8;
    color: white;
    padding: 2px;
  ; font-weight: normal; {input: undefined, result: Object, elapsedMs: 730, context: Object} @ http://localhost:3001/_next/static/chunks/node_modules_fd0e86a3._.js:3215
[  101293ms] [LOG] %c >> query #78 %cflagdown.getTimeline%c %O 
    background-color: #72e3ff;
    color: black;
    padding: 2px;
   
    background-color: #72e3ff;
    color: black;
    padding: 2px;
  ; font-weight: bold; 
    background-color: #72e3ff;
    color: black;
    padding: 2px;
  ; font-weight: normal; {input: undefined, context: Object} @ http://localhost:3001/_next/static/chunks/node_modules_fd0e86a3._.js:3215
[  101897ms] [LOG] %c >> query #79 %cflagdown.listBeaches%c %O 
    background-color: #72e3ff;
    color: black;
    padding: 2px;
   
    background-color: #72e3ff;
    color: black;
    padding: 2px;
  ; font-weight: bold; 
    background-color: #72e3ff;
    color: black;
    padding: 2px;
  ; font-weight: normal; {input: undefined, context: Object} @ http://localhost:3001/_next/static/chunks/node_modules_fd0e86a3._.js:3215
[  102020ms] [LOG] %c << query #78 %cflagdown.getTimeline%c %O 
    background-color: #3fb0d8;
    color: white;
    padding: 2px;
   
    background-color: #3fb0d8;
    color: white;
    padding: 2px;
  ; font-weight: bold; 
    background-color: #3fb0d8;
    color: white;
    padding: 2px;
  ; font-weight: normal; {input: undefined, result: Object, elapsedMs: 727, context: Object} @ http://localhost:3001/_next/static/chunks/node_modules_fd0e86a3._.js:3215
[  102593ms] [LOG] %c << query #79 %cflagdown.listBeaches%c %O 
    background-color: #3fb0d8;
    color: white;
    padding: 2px;
   
    background-color: #3fb0d8;
    color: white;
    padding: 2px;
  ; font-weight: bold; 
    background-color: #3fb0d8;
    color: white;
    padding: 2px;
  ; font-weight: normal; {input: undefined, result: Object, elapsedMs: 696, context: Object} @ http://localhost:3001/_next/static/chunks/node_modules_fd0e86a3._.js:3215
[  104022ms] [LOG] %c >> query #80 %cflagdown.getTimeline%c %O 
    background-color: #72e3ff;
    color: black;
    padding: 2px;
   
    background-color: #72e3ff;
    color: black;
    padding: 2px;
  ; font-weight: bold; 
    background-color: #72e3ff;
    color: black;
    padding: 2px;
  ; font-weight: normal; {input: undefined, context: Object} @ http://localhost:3001/_next/static/chunks/node_modules_fd0e86a3._.js:3215
[  104447ms] [LOG] %c << query #80 %cflagdown.getTimeline%c %O 
    background-color: #3fb0d8;
    color: white;
    padding: 2px;
   
    background-color: #3fb0d8;
    color: white;
    padding: 2px;
  ; font-weight: bold; 
    background-color: #3fb0d8;
    color: white;
    padding: 2px;
  ; font-weight: normal; {input: undefined, result: Object, elapsedMs: 425, context: Object} @ http://localhost:3001/_next/static/chunks/node_modules_fd0e86a3._.js:3215
[  104595ms] [LOG] %c >> query #81 %cflagdown.listBeaches%c %O 
    background-color: #72e3ff;
    color: black;
    padding: 2px;
   
    background-color: #72e3ff;
    color: black;
    padding: 2px;
  ; font-weight: bold; 
    background-color: #72e3ff;
    color: black;
    padding: 2px;
  ; font-weight: normal; {input: undefined, context: Object} @ http://localhost:3001/_next/static/chunks/node_modules_fd0e86a3._.js:3215
[  105309ms] [LOG] %c << query #81 %cflagdown.listBeaches%c %O 
    background-color: #3fb0d8;
    color: white;
    padding: 2px;
   
    background-color: #3fb0d8;
    color: white;
    padding: 2px;
  ; font-weight: bold; 
    background-color: #3fb0d8;
    color: white;
    padding: 2px;
  ; font-weight: normal; {input: undefined, result: Object, elapsedMs: 715, context: Object} @ http://localhost:3001/_next/static/chunks/node_modules_fd0e86a3._.js:3215
[  106448ms] [LOG] %c >> query #82 %cflagdown.getTimeline%c %O 
    background-color: #72e3ff;
    color: black;
    padding: 2px;
   
    background-color: #72e3ff;
    color: black;
    padding: 2px;
  ; font-weight: bold; 
    background-color: #72e3ff;
    color: black;
    padding: 2px;
  ; font-weight: normal; {input: undefined, context: Object} @ http://localhost:3001/_next/static/chunks/node_modules_fd0e86a3._.js:3215
[  107074ms] [LOG] %c << query #82 %cflagdown.getTimeline%c %O 
    background-color: #3fb0d8;
    color: white;
    padding: 2px;
   
    background-color: #3fb0d8;
    color: white;
    padding: 2px;
  ; font-weight: bold; 
    background-color: #3fb0d8;
    color: white;
    padding: 2px;
  ; font-weight: normal; {input: undefined, result: Object, elapsedMs: 625, context: Object} @ http://localhost:3001/_next/static/chunks/node_modules_fd0e86a3._.js:3215
[  107311ms] [LOG] %c >> query #83 %cflagdown.listBeaches%c %O 
    background-color: #72e3ff;
    color: black;
    padding: 2px;
   
    background-color: #72e3ff;
    color: black;
    padding: 2px;
  ; font-weight: bold; 
    background-color: #72e3ff;
    color: black;
    padding: 2px;
  ; font-weight: normal; {input: undefined, context: Object} @ http://localhost:3001/_next/static/chunks/node_modules_fd0e86a3._.js:3215
[  107991ms] [LOG] %c << query #83 %cflagdown.listBeaches%c %O 
    background-color: #3fb0d8;
    color: white;
    padding: 2px;
   
    background-color: #3fb0d8;
    color: white;
    padding: 2px;
  ; font-weight: bold; 
    background-color: #3fb0d8;
    color: white;
    padding: 2px;
  ; font-weight: normal; {input: undefined, result: Object, elapsedMs: 680, context: Object} @ http://localhost:3001/_next/static/chunks/node_modules_fd0e86a3._.js:3215
[  109075ms] [LOG] %c >> query #84 %cflagdown.getTimeline%c %O 
    background-color: #72e3ff;
    color: black;
    padding: 2px;
   
    background-color: #72e3ff;
    color: black;
    padding: 2px;
  ; font-weight: bold; 
    background-color: #72e3ff;
    color: black;
    padding: 2px;
  ; font-weight: normal; {input: undefined, context: Object} @ http://localhost:3001/_next/static/chunks/node_modules_fd0e86a3._.js:3215
